# JRE version: OpenJDK Runtime Environment Temurin-17.0.6+10 (17.0.6+10) (build 17.0.6+10)
# Java VM: OpenJDK 64-Bit Server VM Temurin-17.0.6+10 (17.0.6+10, mixed mode, emulated-client, tiered, compressed oops, compressed class ptrs, g1 gc, windows-amd64)
GC Precious Log:
 CPUs: 8 total, 8 available
 Memory: 8043M
 Large Page Support: Disabled
 NUMA Support: Disabled
 Compressed Oops: Enabled (32-bit)
 Heap Region Size: 1M
 Heap Min Capacity: 8M
 Heap Initial Capacity: 126M
 Heap Max Capacity: 1G
 Pre-touch: Disabled
 Parallel Workers: 8
 Concurrent Workers: 2
 Concurrent Refinement Workers: 8
 Periodic GC: Disabled
Heap:
 garbage-first heap   total 122880K, used 40454K [0x00000000c0000000, 0x0000000100000000)
  region size 1024K, 1 young (1024K), 0 survivors (0K)
 Metaspace       used 69662K, committed 70208K, reserved 1114112K
  class space    used 9494K, committed 9728K, reserved 1048576K
GC Heap History (20 events):
Event: 5732.075 GC heap before
{Heap before GC invocations=583 (full 531):
 garbage-first heap   total 122880K, used 40454K [0x00000000c0000000, 0x0000000100000000)
  region size 1024K, 1 young (1024K), 0 survivors (0K)
 Metaspace       used 69662K, committed 70208K, reserved 1114112K
  class space    used 9494K, committed 9728K, reserved 1048576K
}
Event: 5732.124 GC heap after
{Heap after GC invocations=584 (full 532):
 garbage-first heap   total 122880K, used 40454K [0x00000000c0000000, 0x0000000100000000)
  region size 1024K, 0 young (0K), 0 survivors (0K)
 Metaspace       used 69662K, committed 70208K, reserved 1114112K
  class space    used 9494K, committed 9728K, reserved 1048576K
}
Event: 5742.304 GC heap before
{Heap before GC invocations=584 (full 532):
 garbage-first heap   total 122880K, used 40454K [0x00000000c0000000, 0x0000000100000000)
  region size 1024K, 1 young (1024K), 0 survivors (0K)
 Metaspace       used 69662K, committed 70208K, reserved 1114112K
  class space    used 9494K, committed 9728K, reserved 1048576K
}
Event: 5742.355 GC heap after
{Heap after GC invocations=585 (full 533):
 garbage-first heap   total 122880K, used 40454K [0x00000000c0000000, 0x0000000100000000)
  region size 1024K, 0 young (0K), 0 survivors (0K)
 Metaspace       used 69662K, committed 70208K, reserved 1114112K
  class space    used 9494K, committed 9728K, reserved 1048576K
}
Event: 5752.516 GC heap before
{Heap before GC invocations=585 (full 533):
 garbage-first heap   total 122880K, used 40454K [0x00000000c0000000, 0x0000000100000000)
  region size 1024K, 1 young (1024K), 0 survivors (0K)
 Metaspace       used 69662K, committed 70208K, reserved 1114112K
  class space    used 9494K, committed 9728K, reserved 1048576K
}
Event: 5752.558 GC heap after
{Heap after GC invocations=586 (full 534):
 garbage-first heap   total 122880K, used 40454K [0x00000000c0000000, 0x0000000100000000)
  region size 1024K, 0 young (0K), 0 survivors (0K)
 Metaspace       used 69662K, committed 70208K, reserved 1114112K
  class space    used 9494K, committed 9728K, reserved 1048576K
}
Event: 5762.690 GC heap before
{Heap before GC invocations=586 (full 534):
 garbage-first heap   total 122880K, used 40454K [0x00000000c0000000, 0x0000000100000000)
  region size 1024K, 1 young (1024K), 0 survivors (0K)
 Metaspace       used 69662K, committed 70208K, reserved 1114112K
  class space    used 9494K, committed 9728K, reserved 1048576K
}
Event: 5762.743 GC heap after
{Heap after GC invocations=587 (full 535):
 garbage-first heap   total 122880K, used 40454K [0x00000000c0000000, 0x0000000100000000)
  region size 1024K, 0 young (0K), 0 survivors (0K)
 Metaspace       used 69662K, committed 70208K, reserved 1114112K
  class space    used 9494K, committed 9728K, reserved 1048576K
}
Event: 5772.877 GC heap before
{Heap before GC invocations=587 (full 535):
 garbage-first heap   total 122880K, used 40454K [0x00000000c0000000, 0x0000000100000000)
  region size 1024K, 1 young (1024K), 0 survivors (0K)
 Metaspace       used 69662K, committed 70208K, reserved 1114112K
  class space    used 9494K, committed 9728K, reserved 1048576K
}
Event: 5772.923 GC heap after
{Heap after GC invocations=588 (full 536):
 garbage-first heap   total 122880K, used 40454K [0x00000000c0000000, 0x0000000100000000)
  region size 1024K, 0 young (0K), 0 survivors (0K)
 Metaspace       used 69662K, committed 70208K, reserved 1114112K
  class space    used 9494K, committed 9728K, reserved 1048576K
}
Event: 5783.138 GC heap before
{Heap before GC invocations=588 (full 536):
 garbage-first heap   total 122880K, used 40454K [0x00000000c0000000, 0x0000000100000000)
  region size 1024K, 1 young (1024K), 0 survivors (0K)
 Metaspace       used 69662K, committed 70208K, reserved 1114112K
  class space    used 9494K, committed 9728K, reserved 1048576K
}
Event: 5783.182 GC heap after
{Heap after GC invocations=589 (full 537):
 garbage-first heap   total 122880K, used 40454K [0x00000000c0000000, 0x0000000100000000)
  region size 1024K, 0 young (0K), 0 survivors (0K)
 Metaspace       used 69662K, committed 70208K, reserved 1114112K
  class space    used 9494K, committed 9728K, reserved 1048576K
}
Event: 5793.352 GC heap before
{Heap before GC invocations=589 (full 537):
 garbage-first heap   total 122880K, used 40454K [0x00000000c0000000, 0x0000000100000000)
  region size 1024K, 1 young (1024K), 0 survivors (0K)
 Metaspace       used 69662K, committed 70208K, reserved 1114112K
  class space    used 9494K, committed 9728K, reserved 1048576K
}
Event: 5793.393 GC heap after
{Heap after GC invocations=590 (full 538):
 garbage-first heap   total 122880K, used 40454K [0x00000000c0000000, 0x0000000100000000)
  region size 1024K, 0 young (0K), 0 survivors (0K)
 Metaspace       used 69662K, committed 70208K, reserved 1114112K
  class space    used 9494K, committed 9728K, reserved 1048576K
}
Event: 5803.563 GC heap before
{Heap before GC invocations=590 (full 538):
 garbage-first heap   total 122880K, used 40454K [0x00000000c0000000, 0x0000000100000000)
  region size 1024K, 1 young (1024K), 0 survivors (0K)
 Metaspace       used 69662K, committed 70208K, reserved 1114112K
  class space    used 9494K, committed 9728K, reserved 1048576K
}
Event: 5803.609 GC heap after
{Heap after GC invocations=591 (full 539):
 garbage-first heap   total 122880K, used 40454K [0x00000000c0000000, 0x0000000100000000)
  region size 1024K, 0 young (0K), 0 survivors (0K)
 Metaspace       used 69662K, committed 70208K, reserved 1114112K
  class space    used 9494K, committed 9728K, reserved 1048576K
}
Event: 5813.734 GC heap before
{Heap before GC invocations=591 (full 539):
 garbage-first heap   total 122880K, used 40454K [0x00000000c0000000, 0x0000000100000000)
  region size 1024K, 1 young (1024K), 0 survivors (0K)
 Metaspace       used 69662K, committed 70208K, reserved 1114112K
  class space    used 9494K, committed 9728K, reserved 1048576K
}
Event: 5813.776 GC heap after
{Heap after GC invocations=592 (full 540):
 garbage-first heap   total 122880K, used 40454K [0x00000000c0000000, 0x0000000100000000)
  region size 1024K, 0 young (0K), 0 survivors (0K)
 Metaspace       used 69662K, committed 70208K, reserved 1114112K
  class space    used 9494K, committed 9728K, reserved 1048576K
}
Event: 5823.896 GC heap before
{Heap before GC invocations=592 (full 540):
 garbage-first heap   total 122880K, used 40454K [0x00000000c0000000, 0x0000000100000000)
  region size 1024K, 1 young (1024K), 0 survivors (0K)
 Metaspace       used 69662K, committed 70208K, reserved 1114112K
  class space    used 9494K, committed 9728K, reserved 1048576K
}
Event: 5823.942 GC heap after
{Heap after GC invocations=593 (full 541):
 garbage-first heap   total 122880K, used 40454K [0x00000000c0000000, 0x0000000100000000)
  region size 1024K, 0 young (0K), 0 survivors (0K)
 Metaspace       used 69662K, committed 70208K, reserved 1114112K
  class space    used 9494K, committed 9728K, reserved 1048576K
}

